<?xml version="1.0" encoding="UTF-8"?>
<!-- Generated by org.testng.reporters.JUnitXMLReporter -->
<testsuite ignored="2" hostname="TYC1221031" failures="0" tests="2" name="chromeBrowser" time="15.311" errors="0" timestamp="2023-05-29T11:56:18 IST">
  <testcase classname="vtigerGenericUtils.BaseClass" name="@BeforeClass openBrowser" time="0.747">
    <failure type="java.lang.IllegalStateException" message="The path to the driver executable Unable to locate the chromedriver executable; for more information on how to install drivers, see https://www.selenium.dev/documentation/webdriver/getting_started/install_drivers/">
      <![CDATA[java.lang.IllegalStateException: The path to the driver executable Unable to locate the chromedriver executable; for more information on how to install drivers, see https://www.selenium.dev/documentation/webdriver/getting_started/install_drivers/
at org.openqa.selenium.internal.Require$StateChecker.nonNull(Require.java:314)
at org.openqa.selenium.remote.service.DriverFinder.getPath(DriverFinder.java:34)
at org.openqa.selenium.chrome.ChromeDriver.generateExecutor(ChromeDriver.java:98)
at org.openqa.selenium.chrome.ChromeDriver.<init>(ChromeDriver.java:88)
at org.openqa.selenium.chrome.ChromeDriver.<init>(ChromeDriver.java:84)
at org.openqa.selenium.chrome.ChromeDriver.<init>(ChromeDriver.java:52)
at vtigerGenericUtils.BaseClass.openBrowser(BaseClass.java:58)
at java.base/java.util.concurrent.ThreadPoolExecutor.runWorker(ThreadPoolExecutor.java:1130)
at java.base/java.util.concurrent.ThreadPoolExecutor$Worker.run(ThreadPoolExecutor.java:630)
at java.base/java.lang.Thread.run(Thread.java:831)
... Removed 10 stack frames]]>
    </failure>
  </testcase> <!-- @BeforeClass openBrowser -->
  <testcase classname="vtigerGenericUtils.BaseClass" name="@BeforeMethod loginToApp" time="-1.685341563754E9">
    <skipped/>
  </testcase> <!-- @BeforeMethod loginToApp -->
  <testcase classname="vtigerGenericUtils.BaseClass" name="@AfterMethod logoutFromApp" time="-1.685341563767E9">
    <skipped/>
  </testcase> <!-- @AfterMethod logoutFromApp -->
  <testcase classname="vtigerGenericUtils.BaseClass" name="@AfterClass closeBrowser" time="-1.685341563767E9">
    <skipped/>
  </testcase> <!-- @AfterClass closeBrowser -->
  <testcase classname="com.crm.vtigerOrganisation.CreateOrganisationWithIndustryAndType" name="createOrganisationWithIndustryAndType" time="0.0">
    <skipped/>
  </testcase> <!-- createOrganisationWithIndustryAndType -->
  <testcase classname="com.crm.vtigerOrganisation.CreateOrganisationTest" name="createOrganisationTest" time="7.7"/>
  <testcase classname="vtigerGenericUtils.BaseClass" name="@BeforeSuite openDBConnection" time="0.0">
    <ignored/>
  </testcase> <!-- @BeforeSuite openDBConnection -->
  <testcase classname="vtigerGenericUtils.BaseClass" name="@AfterSuite closeDBConnection" time="0.0">
    <ignored/>
  </testcase> <!-- @AfterSuite closeDBConnection -->
</testsuite> <!-- chromeBrowser -->
